Analysis & Synthesis report for alu_top_level
Fri May 24 22:17:18 2024
Quartus Prime Version 20.1.0 Build 711 06/05/2020 SJ Lite Edition


---------------------
; Table of Contents ;
---------------------
  1. Legal Notice
  2. Analysis & Synthesis Summary
  3. Analysis & Synthesis Settings
  4. Parallel Compilation
  5. Analysis & Synthesis Source Files Read
  6. Analysis & Synthesis Resource Usage Summary
  7. Analysis & Synthesis Resource Utilization by Entity
  8. General Register Statistics
  9. Multiplexer Restructuring Statistics (Restructuring Performed)
 10. Post-Synthesis Netlist Statistics for Top Partition
 11. Elapsed Time Per Partition
 12. Analysis & Synthesis Messages



----------------
; Legal Notice ;
----------------
Copyright (C) 2020  Intel Corporation. All rights reserved.
Your use of Intel Corporation's design tools, logic functions 
and other software and tools, and any partner logic 
functions, and any output files from any of the foregoing 
(including device programming or simulation files), and any 
associated documentation or information are expressly subject 
to the terms and conditions of the Intel Program License 
Subscription Agreement, the Intel Quartus Prime License Agreement,
the Intel FPGA IP License Agreement, or other applicable license
agreement, including, without limitation, that your use is for
the sole purpose of programming logic devices manufactured by
Intel and sold by Intel or its authorized distributors.  Please
refer to the applicable agreement for further details, at
https://fpgasoftware.intel.com/eula.



+----------------------------------------------------------------------------------+
; Analysis & Synthesis Summary                                                     ;
+------------------------------------+---------------------------------------------+
; Analysis & Synthesis Status        ; Successful - Fri May 24 22:17:18 2024       ;
; Quartus Prime Version              ; 20.1.0 Build 711 06/05/2020 SJ Lite Edition ;
; Revision Name                      ; alu_top_level                               ;
; Top-level Entity Name              ; alu_top_level                               ;
; Family                             ; Cyclone IV E                                ;
; Total logic elements               ; 240                                         ;
;     Total combinational functions  ; 204                                         ;
;     Dedicated logic registers      ; 54                                          ;
; Total registers                    ; 54                                          ;
; Total pins                         ; 37                                          ;
; Total virtual pins                 ; 0                                           ;
; Total memory bits                  ; 0                                           ;
; Embedded Multiplier 9-bit elements ; 0                                           ;
; Total PLLs                         ; 0                                           ;
+------------------------------------+---------------------------------------------+


+------------------------------------------------------------------------------------------------------------+
; Analysis & Synthesis Settings                                                                              ;
+------------------------------------------------------------------+--------------------+--------------------+
; Option                                                           ; Setting            ; Default Value      ;
+------------------------------------------------------------------+--------------------+--------------------+
; Device                                                           ; EP4CE115F29C7      ;                    ;
; Top-level entity name                                            ; alu_top_level      ; alu_top_level      ;
; Family name                                                      ; Cyclone IV E       ; Cyclone V          ;
; Use smart compilation                                            ; Off                ; Off                ;
; Enable parallel Assembler and Timing Analyzer during compilation ; On                 ; On                 ;
; Enable compact report table                                      ; Off                ; Off                ;
; Restructure Multiplexers                                         ; Auto               ; Auto               ;
; Create Debugging Nodes for IP Cores                              ; Off                ; Off                ;
; Preserve fewer node names                                        ; On                 ; On                 ;
; Intel FPGA IP Evaluation Mode                                    ; Enable             ; Enable             ;
; Verilog Version                                                  ; Verilog_2001       ; Verilog_2001       ;
; VHDL Version                                                     ; VHDL_1993          ; VHDL_1993          ;
; State Machine Processing                                         ; Auto               ; Auto               ;
; Safe State Machine                                               ; Off                ; Off                ;
; Extract Verilog State Machines                                   ; On                 ; On                 ;
; Extract VHDL State Machines                                      ; On                 ; On                 ;
; Ignore Verilog initial constructs                                ; Off                ; Off                ;
; Iteration limit for constant Verilog loops                       ; 5000               ; 5000               ;
; Iteration limit for non-constant Verilog loops                   ; 250                ; 250                ;
; Add Pass-Through Logic to Inferred RAMs                          ; On                 ; On                 ;
; Infer RAMs from Raw Logic                                        ; On                 ; On                 ;
; Parallel Synthesis                                               ; On                 ; On                 ;
; DSP Block Balancing                                              ; Auto               ; Auto               ;
; NOT Gate Push-Back                                               ; On                 ; On                 ;
; Power-Up Don't Care                                              ; On                 ; On                 ;
; Remove Redundant Logic Cells                                     ; Off                ; Off                ;
; Remove Duplicate Registers                                       ; On                 ; On                 ;
; Ignore CARRY Buffers                                             ; Off                ; Off                ;
; Ignore CASCADE Buffers                                           ; Off                ; Off                ;
; Ignore GLOBAL Buffers                                            ; Off                ; Off                ;
; Ignore ROW GLOBAL Buffers                                        ; Off                ; Off                ;
; Ignore LCELL Buffers                                             ; Off                ; Off                ;
; Ignore SOFT Buffers                                              ; On                 ; On                 ;
; Limit AHDL Integers to 32 Bits                                   ; Off                ; Off                ;
; Optimization Technique                                           ; Balanced           ; Balanced           ;
; Carry Chain Length                                               ; 70                 ; 70                 ;
; Auto Carry Chains                                                ; On                 ; On                 ;
; Auto Open-Drain Pins                                             ; On                 ; On                 ;
; Perform WYSIWYG Primitive Resynthesis                            ; Off                ; Off                ;
; Auto ROM Replacement                                             ; On                 ; On                 ;
; Auto RAM Replacement                                             ; On                 ; On                 ;
; Auto DSP Block Replacement                                       ; On                 ; On                 ;
; Auto Shift Register Replacement                                  ; Auto               ; Auto               ;
; Allow Shift Register Merging across Hierarchies                  ; Auto               ; Auto               ;
; Auto Clock Enable Replacement                                    ; On                 ; On                 ;
; Strict RAM Replacement                                           ; Off                ; Off                ;
; Allow Synchronous Control Signals                                ; On                 ; On                 ;
; Force Use of Synchronous Clear Signals                           ; Off                ; Off                ;
; Auto RAM Block Balancing                                         ; On                 ; On                 ;
; Auto RAM to Logic Cell Conversion                                ; Off                ; Off                ;
; Auto Resource Sharing                                            ; Off                ; Off                ;
; Allow Any RAM Size For Recognition                               ; Off                ; Off                ;
; Allow Any ROM Size For Recognition                               ; Off                ; Off                ;
; Allow Any Shift Register Size For Recognition                    ; Off                ; Off                ;
; Use LogicLock Constraints during Resource Balancing              ; On                 ; On                 ;
; Ignore translate_off and synthesis_off directives                ; Off                ; Off                ;
; Timing-Driven Synthesis                                          ; On                 ; On                 ;
; Report Parameter Settings                                        ; On                 ; On                 ;
; Report Source Assignments                                        ; On                 ; On                 ;
; Report Connectivity Checks                                       ; On                 ; On                 ;
; Ignore Maximum Fan-Out Assignments                               ; Off                ; Off                ;
; Synchronization Register Chain Length                            ; 2                  ; 2                  ;
; Power Optimization During Synthesis                              ; Normal compilation ; Normal compilation ;
; HDL message level                                                ; Level2             ; Level2             ;
; Suppress Register Optimization Related Messages                  ; Off                ; Off                ;
; Number of Removed Registers Reported in Synthesis Report         ; 5000               ; 5000               ;
; Number of Swept Nodes Reported in Synthesis Report               ; 5000               ; 5000               ;
; Number of Inverted Registers Reported in Synthesis Report        ; 100                ; 100                ;
; Clock MUX Protection                                             ; On                 ; On                 ;
; Auto Gated Clock Conversion                                      ; Off                ; Off                ;
; Block Design Naming                                              ; Auto               ; Auto               ;
; SDC constraint protection                                        ; Off                ; Off                ;
; Synthesis Effort                                                 ; Auto               ; Auto               ;
; Shift Register Replacement - Allow Asynchronous Clear Signal     ; On                 ; On                 ;
; Pre-Mapping Resynthesis Optimization                             ; Off                ; Off                ;
; Analysis & Synthesis Message Level                               ; Medium             ; Medium             ;
; Disable Register Merging Across Hierarchies                      ; Auto               ; Auto               ;
; Resource Aware Inference For Block RAM                           ; On                 ; On                 ;
+------------------------------------------------------------------+--------------------+--------------------+


+------------------------------------------+
; Parallel Compilation                     ;
+----------------------------+-------------+
; Processors                 ; Number      ;
+----------------------------+-------------+
; Number detected on machine ; 12          ;
; Maximum allowed            ; 12          ;
;                            ;             ;
; Average used               ; 1.00        ;
; Maximum used               ; 12          ;
;                            ;             ;
; Usage by Processor         ; % Time Used ;
;     Processor 1            ; 100.0%      ;
;     Processors 2-12        ;   0.0%      ;
+----------------------------+-------------+


+----------------------------------------------------------------------------------------------------------------------------------------------------------------------+
; Analysis & Synthesis Source Files Read                                                                                                                               ;
+----------------------------------+-----------------+------------------------------+------------------------------------------------------------------------+---------+
; File Name with User-Entered Path ; Used in Netlist ; File Type                    ; File Name with Absolute Path                                           ; Library ;
+----------------------------------+-----------------+------------------------------+------------------------------------------------------------------------+---------+
; alu_OR.sv                        ; yes             ; User SystemVerilog HDL File  ; C:/Users/Saar/Desktop/Roee/Larry project/Projects/ALU/alu_OR.sv        ;         ;
; alu_AND.sv                       ; yes             ; User SystemVerilog HDL File  ; C:/Users/Saar/Desktop/Roee/Larry project/Projects/ALU/alu_AND.sv       ;         ;
; alu.sv                           ; yes             ; User SystemVerilog HDL File  ; C:/Users/Saar/Desktop/Roee/Larry project/Projects/ALU/alu.sv           ;         ;
; alu_top_level.sv                 ; yes             ; User SystemVerilog HDL File  ; C:/Users/Saar/Desktop/Roee/Larry project/Projects/ALU/alu_top_level.sv ;         ;
; alu_BIT.sv                       ; yes             ; User SystemVerilog HDL File  ; C:/Users/Saar/Desktop/Roee/Larry project/Projects/ALU/alu_BIT.sv       ;         ;
; alu_BIC.sv                       ; yes             ; User SystemVerilog HDL File  ; C:/Users/Saar/Desktop/Roee/Larry project/Projects/ALU/alu_BIC.sv       ;         ;
; alu_BIS.sv                       ; yes             ; User SystemVerilog HDL File  ; C:/Users/Saar/Desktop/Roee/Larry project/Projects/ALU/alu_BIS.sv       ;         ;
; alu_ADD.sv                       ; yes             ; User SystemVerilog HDL File  ; C:/Users/Saar/Desktop/Roee/Larry project/Projects/ALU/alu_ADD.sv       ;         ;
; alu_SUB.sv                       ; yes             ; User SystemVerilog HDL File  ; C:/Users/Saar/Desktop/Roee/Larry project/Projects/ALU/alu_SUB.sv       ;         ;
; alu_XOR.sv                       ; yes             ; User SystemVerilog HDL File  ; C:/Users/Saar/Desktop/Roee/Larry project/Projects/ALU/alu_XOR.sv       ;         ;
; alu_DADD.sv                      ; yes             ; User SystemVerilog HDL File  ; C:/Users/Saar/Desktop/Roee/Larry project/Projects/ALU/alu_DADD.sv      ;         ;
+----------------------------------+-----------------+------------------------------+------------------------------------------------------------------------+---------+


+--------------------------------------------------------------+
; Analysis & Synthesis Resource Usage Summary                  ;
+---------------------------------------------+----------------+
; Resource                                    ; Usage          ;
+---------------------------------------------+----------------+
; Estimated Total logic elements              ; 240            ;
;                                             ;                ;
; Total combinational functions               ; 204            ;
; Logic element usage by number of LUT inputs ;                ;
;     -- 4 input functions                    ; 123            ;
;     -- 3 input functions                    ; 59             ;
;     -- <=2 input functions                  ; 22             ;
;                                             ;                ;
; Logic elements by mode                      ;                ;
;     -- normal mode                          ; 154            ;
;     -- arithmetic mode                      ; 50             ;
;                                             ;                ;
; Total registers                             ; 54             ;
;     -- Dedicated logic registers            ; 54             ;
;     -- I/O registers                        ; 0              ;
;                                             ;                ;
; I/O pins                                    ; 37             ;
;                                             ;                ;
; Embedded Multiplier 9-bit elements          ; 0              ;
;                                             ;                ;
; Maximum fan-out node                        ; mode_select[1] ;
; Maximum fan-out                             ; 52             ;
; Total fan-out                               ; 919            ;
; Average fan-out                             ; 2.77           ;
+---------------------------------------------+----------------+


+-------------------------------------------------------------------------------------------------------------------------------------------------------------------------------------------------------------------------------------+
; Analysis & Synthesis Resource Utilization by Entity                                                                                                                                                                                 ;
+----------------------------+---------------------+---------------------------+-------------+--------------+---------+-----------+------+--------------+----------------------------------------------+---------------+--------------+
; Compilation Hierarchy Node ; Combinational ALUTs ; Dedicated Logic Registers ; Memory Bits ; DSP Elements ; DSP 9x9 ; DSP 18x18 ; Pins ; Virtual Pins ; Full Hierarchy Name                          ; Entity Name   ; Library Name ;
+----------------------------+---------------------+---------------------------+-------------+--------------+---------+-----------+------+--------------+----------------------------------------------+---------------+--------------+
; |alu_top_level             ; 204 (14)            ; 54 (54)                   ; 0           ; 0            ; 0       ; 0         ; 37   ; 0            ; |alu_top_level                               ; alu_top_level ; work         ;
;    |alu:alu_inst|          ; 190 (113)           ; 0 (0)                     ; 0           ; 0            ; 0       ; 0         ; 0    ; 0            ; |alu_top_level|alu:alu_inst                  ; alu           ; work         ;
;       |alu_ADD:add_op|     ; 18 (18)             ; 0 (0)                     ; 0           ; 0            ; 0       ; 0         ; 0    ; 0            ; |alu_top_level|alu:alu_inst|alu_ADD:add_op   ; alu_ADD       ; work         ;
;       |alu_BIT:bit_op|     ; 18 (18)             ; 0 (0)                     ; 0           ; 0            ; 0       ; 0         ; 0    ; 0            ; |alu_top_level|alu:alu_inst|alu_BIT:bit_op   ; alu_BIT       ; work         ;
;       |alu_DADD:dadd_op|   ; 23 (23)             ; 0 (0)                     ; 0           ; 0            ; 0       ; 0         ; 0    ; 0            ; |alu_top_level|alu:alu_inst|alu_DADD:dadd_op ; alu_DADD      ; work         ;
;       |alu_SUB:sub_op|     ; 18 (18)             ; 0 (0)                     ; 0           ; 0            ; 0       ; 0         ; 0    ; 0            ; |alu_top_level|alu:alu_inst|alu_SUB:sub_op   ; alu_SUB       ; work         ;
+----------------------------+---------------------+---------------------------+-------------+--------------+---------+-----------+------+--------------+----------------------------------------------+---------------+--------------+
Note: For table entries with two numbers listed, the numbers in parentheses indicate the number of resources of the given type used by the specific entity alone. The numbers listed outside of parentheses indicate the total resources of the given type used by the specific entity and all of its sub-entities in the hierarchy.


+------------------------------------------------------+
; General Register Statistics                          ;
+----------------------------------------------+-------+
; Statistic                                    ; Value ;
+----------------------------------------------+-------+
; Total registers                              ; 54    ;
; Number of registers using Synchronous Clear  ; 4     ;
; Number of registers using Synchronous Load   ; 4     ;
; Number of registers using Asynchronous Clear ; 0     ;
; Number of registers using Asynchronous Load  ; 0     ;
; Number of registers using Clock Enable       ; 36    ;
; Number of registers using Preset             ; 0     ;
+----------------------------------------------+-------+


+---------------------------------------------------------------------------------------------------------------------------------------------------------------------+
; Multiplexer Restructuring Statistics (Restructuring Performed)                                                                                                      ;
+--------------------+-----------+---------------+----------------------+------------------------+------------+-------------------------------------------------------+
; Multiplexer Inputs ; Bus Width ; Baseline Area ; Area if Restructured ; Saving if Restructured ; Registered ; Example Multiplexer Output                            ;
+--------------------+-----------+---------------+----------------------+------------------------+------------+-------------------------------------------------------+
; 16:1               ; 4 bits    ; 40 LEs        ; 24 LEs               ; 16 LEs                 ; Yes        ; |alu_top_level|result[0]~reg0                         ;
; 17:1               ; 3 bits    ; 33 LEs        ; 21 LEs               ; 12 LEs                 ; Yes        ; |alu_top_level|result[1]~reg0                         ;
; 17:1               ; 3 bits    ; 33 LEs        ; 21 LEs               ; 12 LEs                 ; Yes        ; |alu_top_level|result[5]~reg0                         ;
; 17:1               ; 3 bits    ; 33 LEs        ; 21 LEs               ; 12 LEs                 ; Yes        ; |alu_top_level|result[9]~reg0                         ;
; 17:1               ; 3 bits    ; 33 LEs        ; 21 LEs               ; 12 LEs                 ; Yes        ; |alu_top_level|result[13]~reg0                        ;
; 4:1                ; 8 bits    ; 16 LEs        ; 8 LEs                ; 8 LEs                  ; No         ; |alu_top_level|alu:alu_inst|alu_BIT:bit_op|ShiftLeft0 ;
; 4:1                ; 8 bits    ; 16 LEs        ; 8 LEs                ; 8 LEs                  ; No         ; |alu_top_level|alu:alu_inst|alu_BIT:bit_op|ShiftLeft0 ;
+--------------------+-----------+---------------+----------------------+------------------------+------------+-------------------------------------------------------+


+-----------------------------------------------------+
; Post-Synthesis Netlist Statistics for Top Partition ;
+-----------------------+-----------------------------+
; Type                  ; Count                       ;
+-----------------------+-----------------------------+
; boundary_port         ; 37                          ;
; cycloneiii_ff         ; 54                          ;
;     ENA               ; 36                          ;
;     SCLR SLD          ; 4                           ;
;     plain             ; 14                          ;
; cycloneiii_lcell_comb ; 204                         ;
;     arith             ; 50                          ;
;         2 data inputs ; 3                           ;
;         3 data inputs ; 47                          ;
;     normal            ; 154                         ;
;         0 data inputs ; 2                           ;
;         2 data inputs ; 17                          ;
;         3 data inputs ; 12                          ;
;         4 data inputs ; 123                         ;
;                       ;                             ;
; Max LUT depth         ; 13.10                       ;
; Average LUT depth     ; 7.03                        ;
+-----------------------+-----------------------------+


+-------------------------------+
; Elapsed Time Per Partition    ;
+----------------+--------------+
; Partition Name ; Elapsed Time ;
+----------------+--------------+
; Top            ; 00:00:01     ;
+----------------+--------------+


+-------------------------------+
; Analysis & Synthesis Messages ;
+-------------------------------+
Info: *******************************************************************
Info: Running Quartus Prime Analysis & Synthesis
    Info: Version 20.1.0 Build 711 06/05/2020 SJ Lite Edition
    Info: Processing started: Fri May 24 22:17:07 2024
Info: Command: quartus_map --read_settings_files=on --write_settings_files=off ALU -c alu_top_level
Warning (18236): Number of processors has not been specified which may cause overloading on shared machines.  Set the global assignment NUM_PARALLEL_PROCESSORS in your QSF to an appropriate value for best performance.
Info (20030): Parallel compilation is enabled and will use 12 of the 12 processors detected
Info (12021): Found 1 design units, including 1 entities, in source file alu_or.sv
    Info (12023): Found entity 1: alu_OR File: C:/Users/Saar/Desktop/Roee/Larry project/Projects/ALU/alu_OR.sv Line: 2
Info (12021): Found 1 design units, including 1 entities, in source file alu_and.sv
    Info (12023): Found entity 1: alu_AND File: C:/Users/Saar/Desktop/Roee/Larry project/Projects/ALU/alu_AND.sv Line: 2
Info (12021): Found 1 design units, including 1 entities, in source file alu.sv
    Info (12023): Found entity 1: alu File: C:/Users/Saar/Desktop/Roee/Larry project/Projects/ALU/alu.sv Line: 2
Info (12021): Found 1 design units, including 1 entities, in source file alu_top_level.sv
    Info (12023): Found entity 1: alu_top_level File: C:/Users/Saar/Desktop/Roee/Larry project/Projects/ALU/alu_top_level.sv Line: 2
Info (12021): Found 1 design units, including 1 entities, in source file alu_bit.sv
    Info (12023): Found entity 1: alu_BIT File: C:/Users/Saar/Desktop/Roee/Larry project/Projects/ALU/alu_BIT.sv Line: 2
Info (12021): Found 1 design units, including 1 entities, in source file alu_bic.sv
    Info (12023): Found entity 1: alu_BIC File: C:/Users/Saar/Desktop/Roee/Larry project/Projects/ALU/alu_BIC.sv Line: 2
Info (12021): Found 1 design units, including 1 entities, in source file alu_bis.sv
    Info (12023): Found entity 1: alu_BIS File: C:/Users/Saar/Desktop/Roee/Larry project/Projects/ALU/alu_BIS.sv Line: 2
Info (12021): Found 1 design units, including 1 entities, in source file alu_add.sv
    Info (12023): Found entity 1: alu_ADD File: C:/Users/Saar/Desktop/Roee/Larry project/Projects/ALU/alu_ADD.sv Line: 2
Info (12021): Found 1 design units, including 1 entities, in source file alu_sub.sv
    Info (12023): Found entity 1: alu_SUB File: C:/Users/Saar/Desktop/Roee/Larry project/Projects/ALU/alu_SUB.sv Line: 2
Info (12021): Found 1 design units, including 1 entities, in source file alu_xor.sv
    Info (12023): Found entity 1: alu_XOR File: C:/Users/Saar/Desktop/Roee/Larry project/Projects/ALU/alu_XOR.sv Line: 2
Info (12021): Found 1 design units, including 1 entities, in source file alu_dadd.sv
    Info (12023): Found entity 1: alu_DADD File: C:/Users/Saar/Desktop/Roee/Larry project/Projects/ALU/alu_DADD.sv Line: 2
Info (12127): Elaborating entity "alu_top_level" for the top level hierarchy
Info (12128): Elaborating entity "alu" for hierarchy "alu:alu_inst" File: C:/Users/Saar/Desktop/Roee/Larry project/Projects/ALU/alu_top_level.sv Line: 26
Info (12128): Elaborating entity "alu_AND" for hierarchy "alu:alu_inst|alu_AND:and_op" File: C:/Users/Saar/Desktop/Roee/Larry project/Projects/ALU/alu.sv Line: 29
Info (12128): Elaborating entity "alu_OR" for hierarchy "alu:alu_inst|alu_OR:or_op" File: C:/Users/Saar/Desktop/Roee/Larry project/Projects/ALU/alu.sv Line: 30
Info (12128): Elaborating entity "alu_XOR" for hierarchy "alu:alu_inst|alu_XOR:xor_op" File: C:/Users/Saar/Desktop/Roee/Larry project/Projects/ALU/alu.sv Line: 31
Info (12128): Elaborating entity "alu_BIT" for hierarchy "alu:alu_inst|alu_BIT:bit_op" File: C:/Users/Saar/Desktop/Roee/Larry project/Projects/ALU/alu.sv Line: 33
Warning (10230): Verilog HDL assignment warning at alu_BIT.sv(7): truncated value with size 32 to match size of target (16) File: C:/Users/Saar/Desktop/Roee/Larry project/Projects/ALU/alu_BIT.sv Line: 7
Info (12128): Elaborating entity "alu_BIC" for hierarchy "alu:alu_inst|alu_BIC:bic_op" File: C:/Users/Saar/Desktop/Roee/Larry project/Projects/ALU/alu.sv Line: 34
Warning (10230): Verilog HDL assignment warning at alu_BIC.sv(7): truncated value with size 32 to match size of target (16) File: C:/Users/Saar/Desktop/Roee/Larry project/Projects/ALU/alu_BIC.sv Line: 7
Info (12128): Elaborating entity "alu_BIS" for hierarchy "alu:alu_inst|alu_BIS:bis_op" File: C:/Users/Saar/Desktop/Roee/Larry project/Projects/ALU/alu.sv Line: 35
Warning (10230): Verilog HDL assignment warning at alu_BIS.sv(7): truncated value with size 32 to match size of target (16) File: C:/Users/Saar/Desktop/Roee/Larry project/Projects/ALU/alu_BIS.sv Line: 7
Info (12128): Elaborating entity "alu_ADD" for hierarchy "alu:alu_inst|alu_ADD:add_op" File: C:/Users/Saar/Desktop/Roee/Larry project/Projects/ALU/alu.sv Line: 37
Info (12128): Elaborating entity "alu_SUB" for hierarchy "alu:alu_inst|alu_SUB:sub_op" File: C:/Users/Saar/Desktop/Roee/Larry project/Projects/ALU/alu.sv Line: 38
Info (12128): Elaborating entity "alu_DADD" for hierarchy "alu:alu_inst|alu_DADD:dadd_op" File: C:/Users/Saar/Desktop/Roee/Larry project/Projects/ALU/alu.sv Line: 39
Info (286030): Timing-Driven Synthesis is running
Info (16010): Generating hard_block partition "hard_block:auto_generated_inst"
    Info (16011): Adding 0 node(s), including 0 DDIO, 0 PLL, 0 transceiver and 0 LCELL
Info (21057): Implemented 277 device resources after synthesis - the final resource count might be different
    Info (21058): Implemented 20 input pins
    Info (21059): Implemented 17 output pins
    Info (21061): Implemented 240 logic cells
Info: Quartus Prime Analysis & Synthesis was successful. 0 errors, 4 warnings
    Info: Peak virtual memory: 4820 megabytes
    Info: Processing ended: Fri May 24 22:17:18 2024
    Info: Elapsed time: 00:00:11
    Info: Total CPU time (on all processors): 00:00:21


